TPOSE SEQ NOF2 /var/folders/43/fngz11tj3tqbbpsf8n83swq00000gn/T//Rtmp84BhFS/cspade88375b300e3b.data 0.500000 66 33 1 F1stats = [ 22 0 0 0.000545 ] 0.000876 0.000281 0.002949
CONF 66 49 1 340.773
MINSUPPORT 33 66
MINMAX 1 70
1 SUPP 54
2 SUPP 56
3 SUPP 41
4 SUPP 34
5 SUPP 35
17 SUPP 40
18 SUPP 35
19 SUPP 37
20 SUPP 59
21 SUPP 59
22 SUPP 56
26 SUPP 55
27 SUPP 53
28 SUPP 53
32 SUPP 59
33 SUPP 58
34 SUPP 58
38 SUPP 40
39 SUPP 38
40 SUPP 37
41 SUPP 37
43 SUPP 34
numfreq 22 :  0.000545025 SUMSUP SUMDIFF = 0 0
EXTRARYSZ 448325
OPENED /var/folders/43/fngz11tj3tqbbpsf8n83swq00000gn/T//Rtmp84BhFS/cspade88375b300e3b.idx
OFF 49 36030
Wrote Offt 0.000280857
BOUNDS 1 71
WROTE INVERT 0.00087595
Total elapsed time 0.002949
SPADE /var/folders/43/fngz11tj3tqbbpsf8n83swq00000gn/T//Rtmp84BhFS/cspade88375b300e3b.tpose 0.500000 33 1877 0.003858 0 0 0 0 0 172800 600 4 3 : 22 149 987 0 : 0.000485 0.002007 0.025457 0.028140
TPOSE SEQ NOF2 /var/folders/43/fngz11tj3tqbbpsf8n83swq00000gn/T//Rtmp84BhFS/cspade88375cc763a7.data 0.500000 66 33 1 F1stats = [ 22 0 0 0.000329 ] 0.000820 0.000176 0.002076
CONF 66 49 1 340.773
MINSUPPORT 33 66
MINMAX 1 70
1 SUPP 54
2 SUPP 56
3 SUPP 41
4 SUPP 34
5 SUPP 35
17 SUPP 40
18 SUPP 35
19 SUPP 37
20 SUPP 59
21 SUPP 59
22 SUPP 56
26 SUPP 55
27 SUPP 53
28 SUPP 53
32 SUPP 59
33 SUPP 58
34 SUPP 58
38 SUPP 40
39 SUPP 38
40 SUPP 37
41 SUPP 37
43 SUPP 34
numfreq 22 :  0.000328779 SUMSUP SUMDIFF = 0 0
EXTRARYSZ 448325
OPENED /var/folders/43/fngz11tj3tqbbpsf8n83swq00000gn/T//Rtmp84BhFS/cspade88375cc763a7.idx
OFF 49 36030
Wrote Offt 0.000175953
BOUNDS 1 71
WROTE INVERT 0.00082016
Total elapsed time 0.00207615
SPADE /var/folders/43/fngz11tj3tqbbpsf8n83swq00000gn/T//Rtmp84BhFS/cspade88375cc763a7.tpose 0.500000 33 1877 0.003999 0 0 0 0 0 172800 600 4 3 : 22 149 987 0 : 0.000491 0.002465 0.027328 0.030541
TPOSE SEQ NOF2 /var/folders/43/fngz11tj3tqbbpsf8n83swq00000gn/T//Rtmp84BhFS/cspade88371e27c386.data 0.500000 66 33 1 F1stats = [ 9 0 0 0.000297 ] 0.000736 0.000208 0.001517
CONF 66 23 1 340.773
MINSUPPORT 33 66
MINMAX 1 70
1 SUPP 61
2 SUPP 54
7 SUPP 43
8 SUPP 60
10 SUPP 56
12 SUPP 60
14 SUPP 42
15 SUPP 37
17 SUPP 34
numfreq 9 :  0.00029707 SUMSUP SUMDIFF = 0 0
EXTRARYSZ 1095907
OPENED /var/folders/43/fngz11tj3tqbbpsf8n83swq00000gn/T//Rtmp84BhFS/cspade88371e27c386.idx
OFF 23 38078
Wrote Offt 0.000208139
BOUNDS 1 71
WROTE INVERT 0.000735998
Total elapsed time 0.00151706
SPADE /var/folders/43/fngz11tj3tqbbpsf8n83swq00000gn/T//Rtmp84BhFS/cspade88371e27c386.tpose 0.500000 33 389 0.002796 0 0 0 0 0 172800 600 4 3 : 9 50 236 0 : 0.000654 0.001664 0.013886 0.016508
TPOSE SEQ NOF2 /var/folders/43/fngz11tj3tqbbpsf8n83swq00000gn/T//Rtmp84BhFS/cspade88374495a1e1.data 0.500000 66 33 1 F1stats = [ 22 0 0 0.000320 ] 0.000832 0.000183 0.001593
CONF 66 49 1 340.773
MINSUPPORT 33 66
MINMAX 1 70
1 SUPP 54
2 SUPP 56
3 SUPP 41
4 SUPP 34
5 SUPP 35
17 SUPP 40
18 SUPP 35
19 SUPP 37
20 SUPP 59
21 SUPP 59
22 SUPP 56
26 SUPP 55
27 SUPP 53
28 SUPP 53
32 SUPP 59
33 SUPP 58
34 SUPP 58
38 SUPP 40
39 SUPP 38
40 SUPP 37
41 SUPP 37
43 SUPP 34
numfreq 22 :  0.000319958 SUMSUP SUMDIFF = 0 0
EXTRARYSZ 448325
OPENED /var/folders/43/fngz11tj3tqbbpsf8n83swq00000gn/T//Rtmp84BhFS/cspade88374495a1e1.idx
OFF 49 36030
Wrote Offt 0.000183105
BOUNDS 1 71
WROTE INVERT 0.000831842
Total elapsed time 0.00159311
SPADE /var/folders/43/fngz11tj3tqbbpsf8n83swq00000gn/T//Rtmp84BhFS/cspade88374495a1e1.tpose 0.500000 33 1877 0.004657 0 0 0 0 0 172800 600 4 3 : 22 149 987 0 : 0.000205 0.002754 0.028998 0.032144
TPOSE SEQ NOF2 /var/folders/43/fngz11tj3tqbbpsf8n83swq00000gn/T//Rtmp84BhFS/cspade883738f121c2.data 0.500000 66 33 1 F1stats = [ 24 0 0 0.000334 ] 0.000769 0.000212 0.001575
CONF 66 61 1 353.045
MINSUPPORT 33 66
MINMAX 1 70
1 SUPP 60
2 SUPP 44
3 SUPP 39
5 SUPP 34
21 SUPP 37
23 SUPP 36
25 SUPP 58
26 SUPP 58
27 SUPP 58
28 SUPP 56
33 SUPP 54
34 SUPP 50
35 SUPP 50
36 SUPP 53
41 SUPP 58
42 SUPP 57
43 SUPP 58
44 SUPP 58
49 SUPP 37
50 SUPP 36
51 SUPP 39
52 SUPP 34
53 SUPP 37
55 SUPP 34
numfreq 24 :  0.000334024 SUMSUP SUMDIFF = 0 0
EXTRARYSZ 410965
OPENED /var/folders/43/fngz11tj3tqbbpsf8n83swq00000gn/T//Rtmp84BhFS/cspade883738f121c2.idx
OFF 61 34948
Wrote Offt 0.000211954
BOUNDS 1 71
WROTE INVERT 0.0007689
Total elapsed time 0.00157499
SPADE /var/folders/43/fngz11tj3tqbbpsf8n83swq00000gn/T//Rtmp84BhFS/cspade883738f121c2.tpose 0.500000 33 2801 0.004473 0 0 0 0 0 172800 600 4 3 : 24 195 686 0 : 0.000203 0.002494 0.027629 0.030719
TPOSE SEQ NOF2 /var/folders/43/fngz11tj3tqbbpsf8n83swq00000gn/T//RtmpqmUZRs/cspade8beb52dd62f6.data 0.500000 66 33 1 F1stats = [ 22 0 0 0.000531 ] 0.001419 0.000329 0.003381
CONF 66 49 1 340.773
MINSUPPORT 33 66
MINMAX 1 70
1 SUPP 54
2 SUPP 56
3 SUPP 41
4 SUPP 34
5 SUPP 35
17 SUPP 40
18 SUPP 35
19 SUPP 37
20 SUPP 59
21 SUPP 59
22 SUPP 56
26 SUPP 55
27 SUPP 53
28 SUPP 53
32 SUPP 59
33 SUPP 58
34 SUPP 58
38 SUPP 40
39 SUPP 38
40 SUPP 37
41 SUPP 37
43 SUPP 34
numfreq 22 :  0.000531197 SUMSUP SUMDIFF = 0 0
EXTRARYSZ 448325
OPENED /var/folders/43/fngz11tj3tqbbpsf8n83swq00000gn/T//RtmpqmUZRs/cspade8beb52dd62f6.idx
OFF 49 36030
Wrote Offt 0.000328779
BOUNDS 1 71
WROTE INVERT 0.00141907
Total elapsed time 0.00338101
SPADE /var/folders/43/fngz11tj3tqbbpsf8n83swq00000gn/T//RtmpqmUZRs/cspade8beb52dd62f6.tpose 0.500000 33 1877 0.003371 0 0 0 0 0 172800 600 4 3 : 22 149 987 0 : 0.000724 0.002928 0.023371 0.027330
TPOSE SEQ NOF2 /var/folders/43/fngz11tj3tqbbpsf8n83swq00000gn/T//Rtmp8mYow8/cspade8bf914ec6482.data 0.500000 66 33 1 F1stats = [ 22 0 0 0.000352 ] 0.001073 0.000197 0.001938
CONF 66 49 1 340.773
MINSUPPORT 33 66
MINMAX 1 70
1 SUPP 54
2 SUPP 56
3 SUPP 41
4 SUPP 34
5 SUPP 35
17 SUPP 40
18 SUPP 35
19 SUPP 37
20 SUPP 59
21 SUPP 59
22 SUPP 56
26 SUPP 55
27 SUPP 53
28 SUPP 53
32 SUPP 59
33 SUPP 58
34 SUPP 58
38 SUPP 40
39 SUPP 38
40 SUPP 37
41 SUPP 37
43 SUPP 34
numfreq 22 :  0.000352144 SUMSUP SUMDIFF = 0 0
EXTRARYSZ 448325
OPENED /var/folders/43/fngz11tj3tqbbpsf8n83swq00000gn/T//Rtmp8mYow8/cspade8bf914ec6482.idx
OFF 49 36030
Wrote Offt 0.000197172
BOUNDS 1 71
WROTE INVERT 0.00107312
Total elapsed time 0.0019381
SPADE /var/folders/43/fngz11tj3tqbbpsf8n83swq00000gn/T//Rtmp8mYow8/cspade8bf914ec6482.tpose 0.500000 33 1877 0.003816 0 0 0 0 0 172800 600 4 3 : 22 149 987 0 : 0.000260 0.002219 0.025920 0.028616
TPOSE SEQ NOF2 /var/folders/43/fngz11tj3tqbbpsf8n83swq00000gn/T//RtmpaLnuK5/cspade8c1417f5e292.data 0.500000 66 33 1 F1stats = [ 22 0 0 0.000545 ] 0.000830 0.000373 0.002873
CONF 66 49 1 340.773
MINSUPPORT 33 66
MINMAX 1 70
1 SUPP 54
2 SUPP 56
3 SUPP 41
4 SUPP 34
5 SUPP 35
17 SUPP 40
18 SUPP 35
19 SUPP 37
20 SUPP 59
21 SUPP 59
22 SUPP 56
26 SUPP 55
27 SUPP 53
28 SUPP 53
32 SUPP 59
33 SUPP 58
34 SUPP 58
38 SUPP 40
39 SUPP 38
40 SUPP 37
41 SUPP 37
43 SUPP 34
numfreq 22 :  0.000545025 SUMSUP SUMDIFF = 0 0
EXTRARYSZ 448325
OPENED /var/folders/43/fngz11tj3tqbbpsf8n83swq00000gn/T//RtmpaLnuK5/cspade8c1417f5e292.idx
OFF 49 36030
Wrote Offt 0.000372887
BOUNDS 1 71
WROTE INVERT 0.000830173
Total elapsed time 0.00287294
SPADE /var/folders/43/fngz11tj3tqbbpsf8n83swq00000gn/T//RtmpaLnuK5/cspade8c1417f5e292.tpose 0.500000 33 1877 0.003252 0 0 0 0 0 172800 600 4 3 : 22 149 987 0 : 0.000804 0.002826 0.022325 0.026247
TPOSE SEQ NOF2 /var/folders/43/fngz11tj3tqbbpsf8n83swq00000gn/T//RtmplHOz68/cspade8c2d43e4c1b1.data 0.500000 66 33 1 F1stats = [ 22 0 0 0.000537 ] 0.001167 0.000297 0.003206
CONF 66 49 1 340.773
MINSUPPORT 33 66
MINMAX 1 70
1 SUPP 54
2 SUPP 56
3 SUPP 41
4 SUPP 34
5 SUPP 35
17 SUPP 40
18 SUPP 35
19 SUPP 37
20 SUPP 59
21 SUPP 59
22 SUPP 56
26 SUPP 55
27 SUPP 53
28 SUPP 53
32 SUPP 59
33 SUPP 58
34 SUPP 58
38 SUPP 40
39 SUPP 38
40 SUPP 37
41 SUPP 37
43 SUPP 34
numfreq 22 :  0.000536919 SUMSUP SUMDIFF = 0 0
EXTRARYSZ 448325
OPENED /var/folders/43/fngz11tj3tqbbpsf8n83swq00000gn/T//RtmplHOz68/cspade8c2d43e4c1b1.idx
OFF 49 36030
Wrote Offt 0.00029707
BOUNDS 1 71
WROTE INVERT 0.00116706
Total elapsed time 0.00320601
SPADE /var/folders/43/fngz11tj3tqbbpsf8n83swq00000gn/T//RtmplHOz68/cspade8c2d43e4c1b1.tpose 0.500000 33 1877 0.003276 0 0 0 0 0 172800 600 4 3 : 22 149 987 0 : 0.000609 0.002213 0.023337 0.026357
TPOSE SEQ NOF2 /var/folders/43/fngz11tj3tqbbpsf8n83swq00000gn/T//RtmpiK4C34/cspade8f8d3d9a9ec6.data 0.500000 66 33 1 F1stats = [ 22 0 0 0.000431 ] 0.000906 0.000257 0.002600
CONF 66 49 1 340.773
MINSUPPORT 33 66
MINMAX 1 70
1 SUPP 54
2 SUPP 56
3 SUPP 41
4 SUPP 34
5 SUPP 35
17 SUPP 40
18 SUPP 35
19 SUPP 37
20 SUPP 59
21 SUPP 59
22 SUPP 56
26 SUPP 55
27 SUPP 53
28 SUPP 53
32 SUPP 59
33 SUPP 58
34 SUPP 58
38 SUPP 40
39 SUPP 38
40 SUPP 37
41 SUPP 37
43 SUPP 34
numfreq 22 :  0.000431061 SUMSUP SUMDIFF = 0 0
EXTRARYSZ 448325
OPENED /var/folders/43/fngz11tj3tqbbpsf8n83swq00000gn/T//RtmpiK4C34/cspade8f8d3d9a9ec6.idx
OFF 49 36030
Wrote Offt 0.000257015
BOUNDS 1 71
WROTE INVERT 0.000905991
Total elapsed time 0.00259995
SPADE /var/folders/43/fngz11tj3tqbbpsf8n83swq00000gn/T//RtmpiK4C34/cspade8f8d3d9a9ec6.tpose 0.500000 33 1877 0.003332 0 0 0 0 0 172800 600 4 3 : 22 149 987 0 : 0.000732 0.002600 0.023395 0.027045
TPOSE SEQ NOF2 /var/folders/43/fngz11tj3tqbbpsf8n83swq00000gn/T//RtmpAwbtPs/cspade8fa25c1cce7e.data 0.500000 66 33 1 F1stats = [ 22 0 0 0.000536 ] 0.001156 0.000269 0.003077
CONF 66 49 1 340.773
MINSUPPORT 33 66
MINMAX 1 70
1 SUPP 54
2 SUPP 56
3 SUPP 41
4 SUPP 34
5 SUPP 35
17 SUPP 40
18 SUPP 35
19 SUPP 37
20 SUPP 59
21 SUPP 59
22 SUPP 56
26 SUPP 55
27 SUPP 53
28 SUPP 53
32 SUPP 59
33 SUPP 58
34 SUPP 58
38 SUPP 40
39 SUPP 38
40 SUPP 37
41 SUPP 37
43 SUPP 34
numfreq 22 :  0.000535965 SUMSUP SUMDIFF = 0 0
EXTRARYSZ 448325
OPENED /var/folders/43/fngz11tj3tqbbpsf8n83swq00000gn/T//RtmpAwbtPs/cspade8fa25c1cce7e.idx
OFF 49 36030
Wrote Offt 0.000268936
BOUNDS 1 71
WROTE INVERT 0.00115609
Total elapsed time 0.00307703
SPADE /var/folders/43/fngz11tj3tqbbpsf8n83swq00000gn/T//RtmpAwbtPs/cspade8fa25c1cce7e.tpose 0.500000 33 1877 0.003495 0 0 0 0 0 172800 600 4 3 : 22 149 987 0 : 0.000370 0.002412 0.024053 0.027144
